<?xml version="1.0" encoding="UTF-8"?>
<testng-results ignored="0" total="1" passed="1" failed="0" skipped="0">
  <reporter-output>
  </reporter-output>
  <suite started-at="2026-05-16T23:58:42 IST" name="Default suite" finished-at="2026-05-16T23:58:58 IST" duration-ms="15403">
    <groups>
    </groups>
    <test started-at="2026-05-16T23:58:42 IST" name="Default test" finished-at="2026-05-16T23:58:58 IST" duration-ms="15403">
      <class name="Tests.InsuranceTest">
        <test-method is-config="true" signature="Setup()[pri:0, instance:Tests.InsuranceTest@c730b35]" started-at="2026-05-16T23:58:42 IST" name="Setup" finished-at="2026-05-16T23:58:53 IST" duration-ms="11200" status="PASS">
          <reporter-output>
          </reporter-output>
        </test-method> <!-- Setup -->
        <test-method signature="getUrl()[pri:0, instance:Tests.InsuranceTest@c730b35]" started-at="2026-05-16T23:58:53 IST" name="getUrl" finished-at="2026-05-16T23:58:53 IST" duration-ms="14" status="PASS">
          <reporter-output>
          </reporter-output>
        </test-method> <!-- getUrl -->
        <test-method is-config="true" signature="tearDown()[pri:0, instance:Tests.InsuranceTest@c730b35]" started-at="2026-05-16T23:58:54 IST" name="tearDown" finished-at="2026-05-16T23:58:58 IST" duration-ms="4111" status="PASS">
          <reporter-output>
          </reporter-output>
        </test-method> <!-- tearDown -->
      </class> <!-- Tests.InsuranceTest -->
    </test> <!-- Default test -->
  </suite> <!-- Default suite -->
</testng-results>
